<?xml version="1.0" encoding="UTF-8"?>
<!-- Generated by org.testng.reporters.JUnitReportReporter -->
<testsuite hostname="NomadicShri" failures="0" tests="3" name="TestPackage.TestScenario" time="4.402" errors="0" timestamp="2022-06-09T14:30:36 EDT" skipped="0">
  <testcase classname="TestPackage.TestScenario" name="testNG_TC_click_dots" time="0.141"/>
  <system-out/>
  <testcase classname="TestPackage.TestScenario" name="testNG_TC_click_AboutUs" time="2.134"/>
  <system-out/>
  <testcase classname="TestPackage.TestScenario" name="testNG_TC_click_personal" time="2.127"/>
  <system-out/>
</testsuite> <!-- TestPackage.TestScenario -->
